<testsuite errors="0" failures="1" hostname="INBGQT-LT-0295" name="login.Login" skipped="0" tests="2" time="16.341586" timestamp="2018-11-20T20:04:02.339875"><testcase classname="login.Login" name="Do Login -- @1.1 " status="passed" time="11.427141"><system-out>
<![CDATA[
@scenario.begin
  Scenario Outline: Do Login -- @1.1 
    Given user is on Demologinpage ... passed in 9.518s
    When user enters valid ADMIN and password ... passed in 0.478s
    And clicks on login button ... passed in 1.378s
    Then user navigates to dashboardpage ... passed in 0.053s

@scenario.end
--------------------------------------------------------------------------------
]]>
</system-out></testcase><testcase classname="login.Login" name="Do Login -- @1.2 " status="failed" time="4.914445"><failure message="" type="AssertionError">
<![CDATA[
Failing step: Then user navigates to dashboardpage ... failed in 0.029s
Location: features/login.feature:8
Traceback (most recent call last):
  File "c:\users\pavan.nemalikanti\pycharmprojects\python_bdd\venv\lib\site-packages\behave\model.py", line 1329, in run
    match.run(runner.context)
  File "c:\users\pavan.nemalikanti\pycharmprojects\python_bdd\venv\lib\site-packages\behave\matchers.py", line 98, in run
    self.func(context, *args, **kwargs)
  File "features\steps\calculator_stepdefinition.py", line 37, in step_impl
    dashboard_page.assert_title_text('Corso Moodle')
  File "C:\Users\pavan.nemalikanti\PycharmProjects\python_BDD\pages\dashboard.py", line 12, in assert_title_text
    assert self.driver.find_by_xpath(Loc.dashboard_title_text).text.strip() == expected
AssertionError
]]>
</failure><system-out>
<![CDATA[
@scenario.begin
  Scenario Outline: Do Login -- @1.2 
    Given user is on Demologinpage ... passed in 1.570s
    When user enters valid admin and sandbox ... passed in 0.174s
    And clicks on login button ... passed in 3.141s
    Then user navigates to dashboardpage ... failed in 0.029s

@scenario.end
--------------------------------------------------------------------------------
]]>
</system-out></testcase></testsuite>